<?xml version="1.0" encoding="UTF-8"?>
<testsuite xmlns:xsi="http://www.w3.org/2001/XMLSchema-instance" xsi:noNamespaceSchemaLocation="https://maven.apache.org/surefire/maven-surefire-plugin/xsd/surefire-test-report-3.0.xsd" version="3.0" name="modelo.ModelBusinessLogicTests" time="0.034" tests="11" errors="0" skipped="0" failures="0">
  <properties>
[...]
</properties>
  <testcase name="testResilienceToMalformedData" classname="modelo.ModelBusinessLogicTests" time="0.004"/>
  <testcase name="testUsuarioValidRoles" classname="modelo.ModelBusinessLogicTests" time="0.001"/>
  <testcase name="testAsistenciaValidStates" classname="modelo.ModelBusinessLogicTests" time="0.001"/>
  <testcase name="testStudentNumberFormat" classname="modelo.ModelBusinessLogicTests" time="0.001"/>
  <testcase name="testCursoScheduleFormat" classname="modelo.ModelBusinessLogicTests" time="0.001"/>
  <testcase name="testTemporalDataInModels" classname="modelo.ModelBusinessLogicTests" time="0.004"/>
  <testcase name="testEmailFormatInModels" classname="modelo.ModelBusinessLogicTests" time="0.001"/>
  <testcase name="testObservationsAndAdditionalData" classname="modelo.ModelBusinessLogicTests" time="0.002"/>
  <testcase name="testEstudianteValidStatus" classname="modelo.ModelBusinessLogicTests" time="0"/>
  <testcase name="testCursoCodeFormat" classname="modelo.ModelBusinessLogicTests" time="0.002"/>
  <testcase name="testDataConsistencyAcrossModels" classname="modelo.ModelBusinessLogicTests" time="0.001"/>
</testsuite>